<?xml version="1.0" encoding="UTF-8"?>
<testsuite xmlns:xsi="http://www.w3.org/2001/XMLSchema-instance" xsi:noNamespaceSchemaLocation="https://maven.apache.org/surefire/maven-surefire-plugin/xsd/surefire-test-report-3.0.xsd" version="3.0" name="com.runners.LumaRunner" time="10.676" tests="1" errors="0" skipped="0" failures="0">
  <properties>
[...]
</properties>
  <testcase name="Positive scenario to create an account" classname="Create account functionality" time="10.186">
    <system-out><![CDATA[
Scenario: Positive scenario to create an account                        &amp#27;[90m# src/test/resources/luma_features/create_account/createAccount.feature:3&amp#27;[0m
  &amp#27;[32mGiven &amp#27;[0m&amp#27;[32muser is on main page of Luma user clicks on create account link&amp#27;[0m &amp#27;[90m# com.step_definitions.StepDef.user_is_on_main_page_of_luma_user_clicks_on_create_account_link()&amp#27;[0m
  &amp#27;[32mThen &amp#27;[0m&amp#27;[32muser enters firstname and lastname as follows&amp#27;[0m                    &amp#27;[90m# com.step_definitions.StepDef.user_enters_firstname_and_lastname_as_follows(io.cucumber.datatable.DataTable)&amp#27;[0m
    | firstName | Thomas |
    | lastname  | Shelby |
  &amp#27;[32mAnd &amp#27;[0m&amp#27;[32muser enters email and password as follows&amp#27;[0m                         &amp#27;[90m# com.step_definitions.StepDef.user_enters_email_and_password_as_follows(io.cucumber.datatable.DataTable)&amp#27;[0m
    | email    | thomas@fff.com |
    | password | ZXCVBNm!2$     |
  &amp#27;[32mThen &amp#27;[0m&amp#27;[32muser confirms entered password as follows&amp#27;[0m                        &amp#27;[90m# com.step_definitions.StepDef.user_confirms_entered_password_as_follows(io.cucumber.datatable.DataTable)&amp#27;[0m
    | confirmPassword | ZXCVBNm!2$ |
  &amp#27;[32mAnd &amp#27;[0m&amp#27;[32muser clicks on create account button&amp#27;[0m                              &amp#27;[90m# com.step_definitions.StepDef.user_clicks_on_create_account_button()&amp#27;[0m
  &amp#27;[32mThen &amp#27;[0m&amp#27;[32muser validates success message as follows&amp#27;[0m                        &amp#27;[90m# com.step_definitions.StepDef.user_validates_success_message_as_follows(io.cucumber.datatable.DataTable)&amp#27;[0m
    | successMessage | Thank you for registering with Main Website Store. |
]]></system-out>
    <system-err><![CDATA[Apr 24, 2024 8:47:07 PM org.openqa.selenium.devtools.CdpVersionFinder findNearestMatch
WARNING: Unable to find an exact match for CDP version 124, returning the closest version; found: 122; Please update to a Selenium version that supports CDP version 124
]]></system-err>
  </testcase>
</testsuite>